<?xml version="1.0" encoding="UTF-8"?>
<!-- Generated by org.testng.reporters.JUnitReportReporter -->
<testsuite hostname="DESKTOP-Q571TB8" name="testcases.TC003_CreateLead" tests="2" failures="0" timestamp="7 Mar 2017 18:00:39 GMT" time="37.435" errors="0">
  <testcase name="login" time="18.558" classname="testcases.TC003_CreateLead"/>
  <testcase name="login" time="18.877" classname="testcases.TC003_CreateLead"/>
</testsuite> <!-- testcases.TC003_CreateLead -->
